2026-03-09T20:27:05.1952648Z Current runner version: '2.332.0'
2026-03-09T20:27:05.1959391Z Runner name: 'ghrnr000001'
2026-03-09T20:27:05.1960222Z Runner group name: 'default'
2026-03-09T20:27:05.1961181Z Machine name: 'ghrnr000001'
2026-03-09T20:27:05.1963854Z ##[group]GITHUB_TOKEN Permissions
2026-03-09T20:27:05.1966287Z Contents: read
2026-03-09T20:27:05.1966909Z Metadata: read
2026-03-09T20:27:05.1967552Z ##[endgroup]
2026-03-09T20:27:05.1969886Z Secret source: Actions
2026-03-09T20:27:05.1971006Z Prepare workflow directory
2026-03-09T20:27:05.2422769Z Prepare all required actions
2026-03-09T20:27:05.2462116Z Getting action download info
2026-03-09T20:27:05.5051555Z Download action repository 'actions/checkout@v4' (SHA:34e114876b0b11c390a56381ad16ebd13914f8d5)
2026-03-09T20:27:05.7161016Z Download action repository 'azure/login@v2' (SHA:a457da9ea143d694b1b9c7c869ebb04ebe844ef5)
2026-03-09T20:27:05.8788694Z Download action repository 'hashicorp/setup-packer@v3' (SHA:1aa358be5cf73883762b302a3a03abd66e75b232)
2026-03-09T20:27:06.1086807Z Download action repository 'actions/upload-artifact@v4' (SHA:ea165f8d65b6e75b540449e92b4886f43607fa02)
2026-03-09T20:27:06.6090828Z Complete job name: Build Image profiles/debian-12-server
2026-03-09T20:27:06.6954604Z ##[group]Run actions/checkout@v4
2026-03-09T20:27:06.6956005Z with:
2026-03-09T20:27:06.6957646Z   repository: Derek-Coleman-Associates-Corporation/azure-packer-image-factory
2026-03-09T20:27:06.6959555Z   token: ***
2026-03-09T20:27:06.6960374Z   ssh-strict: true
2026-03-09T20:27:06.6961231Z   ssh-user: git
2026-03-09T20:27:06.6962108Z   persist-credentials: true
2026-03-09T20:27:06.6963083Z   clean: true
2026-03-09T20:27:06.6963993Z   sparse-checkout-cone-mode: true
2026-03-09T20:27:06.6965051Z   fetch-depth: 1
2026-03-09T20:27:06.6965905Z   fetch-tags: false
2026-03-09T20:27:06.6966901Z   show-progress: true
2026-03-09T20:27:06.6967812Z   lfs: false
2026-03-09T20:27:06.6968617Z   submodules: false
2026-03-09T20:27:06.6969516Z   set-safe-directory: true
2026-03-09T20:27:06.6970758Z ##[endgroup]
2026-03-09T20:27:06.8074176Z Syncing repository: Derek-Coleman-Associates-Corporation/azure-packer-image-factory
2026-03-09T20:27:06.8077729Z ##[group]Getting Git version info
2026-03-09T20:27:06.8079884Z Working directory is '/home/runner/actions-runner/_work/azure-packer-image-factory/azure-packer-image-factory'
2026-03-09T20:27:06.8082547Z [command]/usr/bin/git version
2026-03-09T20:27:06.8083547Z git version 2.34.1
2026-03-09T20:27:06.8094753Z ##[endgroup]
2026-03-09T20:27:06.8110699Z Temporarily overriding HOME='/home/runner/actions-runner/_work/_temp/0d7557a8-5549-477b-b67d-52beaae096dc' before making global git config changes
2026-03-09T20:27:06.8113801Z Adding repository directory to the temporary git global config as a safe directory
2026-03-09T20:27:06.8124132Z [command]/usr/bin/git config --global --add safe.directory /home/runner/actions-runner/_work/azure-packer-image-factory/azure-packer-image-factory
2026-03-09T20:27:06.8159657Z [command]/usr/bin/git config --local --get remote.origin.url
2026-03-09T20:27:06.8179898Z https://github.com/Derek-Coleman-Associates-Corporation/azure-packer-image-factory
2026-03-09T20:27:06.8199128Z ##[group]Removing previously created refs, to avoid conflicts
2026-03-09T20:27:06.8203205Z [command]/usr/bin/git rev-parse --symbolic-full-name --verify --quiet HEAD
2026-03-09T20:27:06.8223266Z refs/heads/master
2026-03-09T20:27:06.8233858Z [command]/usr/bin/git checkout --detach
2026-03-09T20:27:06.8362402Z HEAD is now at d4341b0 fix(actions): extract V2 hyperv generation automatically from sku when gen2 is omitted from security_type
2026-03-09T20:27:06.8406452Z [command]/usr/bin/git branch --delete --force master
2026-03-09T20:27:06.8432850Z Deleted branch master (was d4341b0).
2026-03-09T20:27:06.8472260Z ##[endgroup]
2026-03-09T20:27:06.8473887Z [command]/usr/bin/git submodule status
2026-03-09T20:27:06.8692191Z ##[group]Cleaning the repository
2026-03-09T20:27:06.8694510Z [command]/usr/bin/git clean -ffdx
2026-03-09T20:27:06.8723213Z Removing evidence/failures/
2026-03-09T20:27:06.8733132Z [command]/usr/bin/git reset --hard HEAD
2026-03-09T20:27:06.8768697Z HEAD is now at d4341b0 fix(actions): extract V2 hyperv generation automatically from sku when gen2 is omitted from security_type
2026-03-09T20:27:06.8774116Z ##[endgroup]
2026-03-09T20:27:06.8776711Z ##[group]Disabling automatic garbage collection
2026-03-09T20:27:06.8778916Z [command]/usr/bin/git config --local gc.auto 0
2026-03-09T20:27:06.8802873Z ##[endgroup]
2026-03-09T20:27:06.8804308Z ##[group]Setting up auth
2026-03-09T20:27:06.8808636Z [command]/usr/bin/git config --local --name-only --get-regexp core\.sshCommand
2026-03-09T20:27:06.8836003Z [command]/usr/bin/git submodule foreach --recursive sh -c "git config --local --name-only --get-regexp 'core\.sshCommand' && git config --local --unset-all 'core.sshCommand' || :"
2026-03-09T20:27:06.9052695Z [command]/usr/bin/git config --local --name-only --get-regexp http\.https\:\/\/github\.com\/\.extraheader
2026-03-09T20:27:06.9083396Z [command]/usr/bin/git submodule foreach --recursive sh -c "git config --local --name-only --get-regexp 'http\.https\:\/\/github\.com\/\.extraheader' && git config --local --unset-all 'http.https://github.com/.extraheader' || :"
2026-03-09T20:27:06.9305693Z [command]/usr/bin/git config --local --name-only --get-regexp ^includeIf\.gitdir:
2026-03-09T20:27:06.9337648Z [command]/usr/bin/git submodule foreach --recursive git config --local --show-origin --name-only --get-regexp remote.origin.url
2026-03-09T20:27:06.9558098Z [command]/usr/bin/git config --local http.https://github.com/.extraheader AUTHORIZATION: basic ***
2026-03-09T20:27:06.9592545Z ##[endgroup]
2026-03-09T20:27:06.9595094Z ##[group]Fetching the repository
2026-03-09T20:27:06.9604683Z [command]/usr/bin/git -c protocol.version=2 fetch --no-tags --prune --no-recurse-submodules --depth=1 origin +7fe5c44658179fcd4bb2c056de73f99b17e287f3:refs/remotes/origin/master
2026-03-09T20:27:07.1381988Z From https://github.com/Derek-Coleman-Associates-Corporation/azure-packer-image-factory
2026-03-09T20:27:07.1385386Z  + d4341b0...7fe5c44 7fe5c44658179fcd4bb2c056de73f99b17e287f3 -> origin/master  (forced update)
2026-03-09T20:27:07.1410385Z ##[endgroup]
2026-03-09T20:27:07.1412882Z ##[group]Determining the checkout info
2026-03-09T20:27:07.1415147Z ##[endgroup]
2026-03-09T20:27:07.1417255Z [command]/usr/bin/git sparse-checkout disable
2026-03-09T20:27:07.1455443Z [command]/usr/bin/git config --local --unset-all extensions.worktreeConfig
2026-03-09T20:27:07.1481105Z ##[group]Checking out the ref
2026-03-09T20:27:07.1484816Z [command]/usr/bin/git checkout --progress --force -B master refs/remotes/origin/master
2026-03-09T20:27:07.1518093Z Warning: you are leaving 1 commit behind, not connected to
2026-03-09T20:27:07.1520406Z any of your branches:
2026-03-09T20:27:07.1521252Z 
2026-03-09T20:27:07.1522610Z   d4341b0 fix(actions): extract V2 hyperv generation automatically from sku when gen2 is omitted from security_type
2026-03-09T20:27:07.1524253Z 
2026-03-09T20:27:07.1524956Z If you want to keep it by creating a new branch, this may be a good time
2026-03-09T20:27:07.1526897Z to do so with:
2026-03-09T20:27:07.1527456Z 
2026-03-09T20:27:07.1527953Z  git branch <new-branch-name> d4341b0
2026-03-09T20:27:07.1528726Z 
2026-03-09T20:27:07.1571955Z Switched to a new branch 'master'
2026-03-09T20:27:07.1574459Z Branch 'master' set up to track remote branch 'master' from 'origin'.
2026-03-09T20:27:07.1579836Z ##[endgroup]
2026-03-09T20:27:07.1614958Z [command]/usr/bin/git log -1 --format=%H
2026-03-09T20:27:07.1639212Z 7fe5c44658179fcd4bb2c056de73f99b17e287f3
2026-03-09T20:27:07.1859712Z ##[group]Run if ! command -v az &> /dev/null; then
2026-03-09T20:27:07.1861378Z [36;1mif ! command -v az &> /dev/null; then[0m
2026-03-09T20:27:07.1862680Z [36;1m  echo "Installing Azure CLI..."[0m
2026-03-09T20:27:07.1864173Z [36;1m  curl -sL https://aka.ms/InstallAzureCLIDeb | sudo bash[0m
2026-03-09T20:27:07.1865560Z [36;1mfi[0m
2026-03-09T20:27:07.1889702Z shell: /usr/bin/bash -e {0}
2026-03-09T20:27:07.1891013Z ##[endgroup]
2026-03-09T20:27:07.1968162Z Installing Azure CLI...
2026-03-09T20:27:07.2047318Z sudo: a terminal is required to read the password; either use the -S option to read from standard input or configure an askpass helper
2026-03-09T20:27:07.2051752Z sudo: a password is required
2026-03-09T20:27:07.6028053Z ##[error]Process completed with exit code 1.
2026-03-09T20:27:07.6264970Z ##[group]Run echo "Packer Build Failed for profiles/debian-12-server. Extracting error tail..."
2026-03-09T20:27:07.6267487Z [36;1mecho "Packer Build Failed for profiles/debian-12-server. Extracting error tail..."[0m
2026-03-09T20:27:07.6269149Z [36;1mmkdir -p evidence/failures[0m
2026-03-09T20:27:07.6270475Z [36;1mtail -n 50 packerbuild.log > "evidence/failures/failed-.txt"[0m
2026-03-09T20:27:07.6292438Z shell: /usr/bin/bash --noprofile --norc -e -o pipefail {0}
2026-03-09T20:27:07.6293709Z ##[endgroup]
2026-03-09T20:27:07.6342518Z Packer Build Failed for profiles/debian-12-server. Extracting error tail...
2026-03-09T20:27:07.6366539Z tail: cannot open 'packerbuild.log' for reading: No such file or directory
2026-03-09T20:27:07.6371506Z ##[error]Process completed with exit code 1.
2026-03-09T20:27:07.6427971Z ##[group]Run echo "Scanning for and deleting orphaned Packer Resource Groups..."
2026-03-09T20:27:07.6429882Z [36;1mecho "Scanning for and deleting orphaned Packer Resource Groups..."[0m
2026-03-09T20:27:07.6431798Z [36;1m# Match precisely the expected Packer temporary naming scheme per workflow ID[0m
2026-03-09T20:27:07.6433973Z [36;1mSTRANDED_RGS=$(az group list --query "[?starts_with(name, 'pkr-Resource-Group-')].name" -o tsv)[0m
2026-03-09T20:27:07.6435705Z [36;1mfor rg in $STRANDED_RGS; do[0m
2026-03-09T20:27:07.6437559Z [36;1m  echo "Attempting cleanup on stranded Resource Group: $rg"[0m
2026-03-09T20:27:07.6439267Z [36;1m  az group delete --name "$rg" --yes --no-wait || echo "Failed to delete $rg"[0m
2026-03-09T20:27:07.6440694Z [36;1mdone[0m
2026-03-09T20:27:07.6459028Z shell: /usr/bin/bash --noprofile --norc -e -o pipefail {0}
2026-03-09T20:27:07.6460245Z ##[endgroup]
2026-03-09T20:27:07.6505836Z Scanning for and deleting orphaned Packer Resource Groups...
2026-03-09T20:27:07.6510525Z /home/runner/actions-runner/_work/_temp/f07101a4-9877-45f3-bee3-5889ed9256c5.sh: line 3: az: command not found
2026-03-09T20:27:07.6514978Z ##[error]Process completed with exit code 127.
2026-03-09T20:27:07.6624044Z ##[group]Run actions/upload-artifact@v4
2026-03-09T20:27:07.6625075Z with:
2026-03-09T20:27:07.6625831Z   name: global-build-errors-
2026-03-09T20:27:07.6626996Z   path: evidence/failures/
2026-03-09T20:27:07.6627888Z   retention-days: 7
2026-03-09T20:27:07.6628713Z   if-no-files-found: warn
2026-03-09T20:27:07.6629601Z   compression-level: 6
2026-03-09T20:27:07.6630439Z   overwrite: false
2026-03-09T20:27:07.6631265Z   include-hidden-files: false
2026-03-09T20:27:07.6632173Z ##[endgroup]
2026-03-09T20:27:07.8861392Z With the provided path, there will be 1 file uploaded
2026-03-09T20:27:07.8868830Z Artifact name is valid!
2026-03-09T20:27:07.8869853Z Root directory input is valid!
2026-03-09T20:27:07.9722100Z Beginning upload of artifact content to blob storage
2026-03-09T20:27:08.0152820Z Uploaded bytes 138
2026-03-09T20:27:08.0328455Z Finished uploading artifact content to blob storage!
2026-03-09T20:27:08.0331599Z SHA256 digest of uploaded artifact zip is ea2febf08d7a7a34df07a03d4b128f01052e75ecb6c13ca0777a303e0ab12d49
2026-03-09T20:27:08.0333151Z Finalizing artifact upload
2026-03-09T20:27:08.1008567Z Artifact global-build-errors-.zip successfully finalized. Artifact ID 5837635139
2026-03-09T20:27:08.1010299Z Artifact global-build-errors- has been successfully uploaded! Final size is 138 bytes. Artifact ID is 5837635139
2026-03-09T20:27:08.1018962Z Artifact download URL: https://github.com/Derek-Coleman-Associates-Corporation/azure-packer-image-factory/actions/runs/22873170192/artifacts/5837635139
2026-03-09T20:27:08.1168850Z Post job cleanup.
2026-03-09T20:27:08.2104530Z [command]/usr/bin/git version
2026-03-09T20:27:08.2140356Z git version 2.34.1
2026-03-09T20:27:08.2183450Z Temporarily overriding HOME='/home/runner/actions-runner/_work/_temp/86c802ab-ddc1-4c50-b98a-9db91ddc9cf3' before making global git config changes
2026-03-09T20:27:08.2184495Z Adding repository directory to the temporary git global config as a safe directory
2026-03-09T20:27:08.2189136Z [command]/usr/bin/git config --global --add safe.directory /home/runner/actions-runner/_work/azure-packer-image-factory/azure-packer-image-factory
2026-03-09T20:27:08.2222517Z [command]/usr/bin/git config --local --name-only --get-regexp core\.sshCommand
2026-03-09T20:27:08.2259899Z [command]/usr/bin/git submodule foreach --recursive sh -c "git config --local --name-only --get-regexp 'core\.sshCommand' && git config --local --unset-all 'core.sshCommand' || :"
2026-03-09T20:27:08.2477597Z [command]/usr/bin/git config --local --name-only --get-regexp http\.https\:\/\/github\.com\/\.extraheader
2026-03-09T20:27:08.2496896Z http.https://github.com/.extraheader
2026-03-09T20:27:08.2508543Z [command]/usr/bin/git config --local --unset-all http.https://github.com/.extraheader
2026-03-09T20:27:08.2537622Z [command]/usr/bin/git submodule foreach --recursive sh -c "git config --local --name-only --get-regexp 'http\.https\:\/\/github\.com\/\.extraheader' && git config --local --unset-all 'http.https://github.com/.extraheader' || :"
2026-03-09T20:27:08.2748349Z [command]/usr/bin/git config --local --name-only --get-regexp ^includeIf\.gitdir:
2026-03-09T20:27:08.2776006Z [command]/usr/bin/git submodule foreach --recursive git config --local --show-origin --name-only --get-regexp remote.origin.url
2026-03-09T20:27:08.3090636Z Cleaning up orphan processes
