2026-03-09T15:22:48.9300916Z Current runner version: '2.332.0'
2026-03-09T15:22:48.9308315Z Runner name: 'ghrnr1-eastus'
2026-03-09T15:22:48.9309255Z Runner group name: 'default'
2026-03-09T15:22:48.9310280Z Machine name: 'ghrnr000001'
2026-03-09T15:22:48.9313563Z ##[group]GITHUB_TOKEN Permissions
2026-03-09T15:22:48.9316559Z Contents: read
2026-03-09T15:22:48.9317189Z Metadata: read
2026-03-09T15:22:48.9317940Z ##[endgroup]
2026-03-09T15:22:48.9320195Z Secret source: Actions
2026-03-09T15:22:48.9321022Z Prepare workflow directory
2026-03-09T15:22:48.9902498Z Prepare all required actions
2026-03-09T15:22:48.9947923Z Getting action download info
2026-03-09T15:22:49.3300137Z Download action repository 'actions/checkout@v4' (SHA:34e114876b0b11c390a56381ad16ebd13914f8d5)
2026-03-09T15:22:49.5659466Z Download action repository 'azure/login@v2' (SHA:a457da9ea143d694b1b9c7c869ebb04ebe844ef5)
2026-03-09T15:22:49.7583414Z Download action repository 'hashicorp/setup-packer@v3' (SHA:1aa358be5cf73883762b302a3a03abd66e75b232)
2026-03-09T15:22:49.9466451Z Download action repository 'actions/upload-artifact@v4' (SHA:ea165f8d65b6e75b540449e92b4886f43607fa02)
2026-03-09T15:22:50.3199278Z Complete job name: Build Image profiles/rhel-server-94
2026-03-09T15:22:50.3805645Z ##[group]Run actions/checkout@v4
2026-03-09T15:22:50.3806312Z with:
2026-03-09T15:22:50.3806868Z   repository: Derek-Coleman-Associates-Corporation/azure-packer-image-factory
2026-03-09T15:22:50.3807719Z   token: ***
2026-03-09T15:22:50.3808080Z   ssh-strict: true
2026-03-09T15:22:50.3808444Z   ssh-user: git
2026-03-09T15:22:50.3808811Z   persist-credentials: true
2026-03-09T15:22:50.3809221Z   clean: true
2026-03-09T15:22:50.3809585Z   sparse-checkout-cone-mode: true
2026-03-09T15:22:50.3810017Z   fetch-depth: 1
2026-03-09T15:22:50.3810374Z   fetch-tags: false
2026-03-09T15:22:50.3810743Z   show-progress: true
2026-03-09T15:22:50.3811107Z   lfs: false
2026-03-09T15:22:50.3811438Z   submodules: false
2026-03-09T15:22:50.3811804Z   set-safe-directory: true
2026-03-09T15:22:50.3812326Z ##[endgroup]
2026-03-09T15:22:50.4785951Z Syncing repository: Derek-Coleman-Associates-Corporation/azure-packer-image-factory
2026-03-09T15:22:50.4788521Z ##[group]Getting Git version info
2026-03-09T15:22:50.4789940Z Working directory is '/home/azureuser/actions-runner/_work/azure-packer-image-factory/azure-packer-image-factory'
2026-03-09T15:22:50.4793608Z [command]/usr/bin/git version
2026-03-09T15:22:50.4794500Z git version 2.34.1
2026-03-09T15:22:50.4796557Z ##[endgroup]
2026-03-09T15:22:50.4801716Z Temporarily overriding HOME='/home/azureuser/actions-runner/_work/_temp/9ae143cb-8c84-43b3-ba3a-a84693203483' before making global git config changes
2026-03-09T15:22:50.4804585Z Adding repository directory to the temporary git global config as a safe directory
2026-03-09T15:22:50.4806402Z [command]/usr/bin/git config --global --add safe.directory /home/azureuser/actions-runner/_work/azure-packer-image-factory/azure-packer-image-factory
2026-03-09T15:22:50.4842497Z [command]/usr/bin/git config --local --get remote.origin.url
2026-03-09T15:22:50.4862279Z https://github.com/Derek-Coleman-Associates-Corporation/azure-packer-image-factory
2026-03-09T15:22:50.4876724Z ##[group]Removing previously created refs, to avoid conflicts
2026-03-09T15:22:50.4880445Z [command]/usr/bin/git rev-parse --symbolic-full-name --verify --quiet HEAD
2026-03-09T15:22:50.4898623Z refs/heads/master
2026-03-09T15:22:50.4908078Z [command]/usr/bin/git checkout --detach
2026-03-09T15:22:50.4975958Z HEAD is now at 20402ac fix(packer): restore explicit build_resource_group_name as SP lacks sub-level RG creation permissions, and instead rely on fixed workflow cleanup step
2026-03-09T15:22:50.5012115Z [command]/usr/bin/git branch --delete --force master
2026-03-09T15:22:50.5035466Z Deleted branch master (was 20402ac).
2026-03-09T15:22:50.5068844Z ##[endgroup]
2026-03-09T15:22:50.5070743Z [command]/usr/bin/git submodule status
2026-03-09T15:22:50.5262847Z ##[group]Cleaning the repository
2026-03-09T15:22:50.5265123Z [command]/usr/bin/git clean -ffdx
2026-03-09T15:22:50.5289357Z Removing evidence/failures/
2026-03-09T15:22:50.5291312Z Removing packerbuild.log
2026-03-09T15:22:50.5298262Z [command]/usr/bin/git reset --hard HEAD
2026-03-09T15:22:50.5330951Z HEAD is now at 20402ac fix(packer): restore explicit build_resource_group_name as SP lacks sub-level RG creation permissions, and instead rely on fixed workflow cleanup step
2026-03-09T15:22:50.5336809Z ##[endgroup]
2026-03-09T15:22:50.5338457Z ##[group]Disabling automatic garbage collection
2026-03-09T15:22:50.5341263Z [command]/usr/bin/git config --local gc.auto 0
2026-03-09T15:22:50.5375136Z ##[endgroup]
2026-03-09T15:22:50.5376190Z ##[group]Setting up auth
2026-03-09T15:22:50.5378379Z [command]/usr/bin/git config --local --name-only --get-regexp core\.sshCommand
2026-03-09T15:22:50.5403033Z [command]/usr/bin/git submodule foreach --recursive sh -c "git config --local --name-only --get-regexp 'core\.sshCommand' && git config --local --unset-all 'core.sshCommand' || :"
2026-03-09T15:22:50.5592716Z [command]/usr/bin/git config --local --name-only --get-regexp http\.https\:\/\/github\.com\/\.extraheader
2026-03-09T15:22:50.5619659Z [command]/usr/bin/git submodule foreach --recursive sh -c "git config --local --name-only --get-regexp 'http\.https\:\/\/github\.com\/\.extraheader' && git config --local --unset-all 'http.https://github.com/.extraheader' || :"
2026-03-09T15:22:50.5809409Z [command]/usr/bin/git config --local --name-only --get-regexp ^includeIf\.gitdir:
2026-03-09T15:22:50.5835087Z [command]/usr/bin/git submodule foreach --recursive git config --local --show-origin --name-only --get-regexp remote.origin.url
2026-03-09T15:22:50.6024882Z [command]/usr/bin/git config --local http.https://github.com/.extraheader AUTHORIZATION: basic ***
2026-03-09T15:22:50.6054751Z ##[endgroup]
2026-03-09T15:22:50.6057077Z ##[group]Fetching the repository
2026-03-09T15:22:50.6063271Z [command]/usr/bin/git -c protocol.version=2 fetch --no-tags --prune --no-recurse-submodules --depth=1 origin +a3e0b7e07397feab035aa1f0f748a235eda72ee9:refs/remotes/origin/master
2026-03-09T15:22:50.8668327Z From https://github.com/Derek-Coleman-Associates-Corporation/azure-packer-image-factory
2026-03-09T15:22:50.8671342Z  + 20402ac...a3e0b7e a3e0b7e07397feab035aa1f0f748a235eda72ee9 -> origin/master  (forced update)
2026-03-09T15:22:50.8681052Z ##[endgroup]
2026-03-09T15:22:50.8683677Z ##[group]Determining the checkout info
2026-03-09T15:22:50.8685539Z ##[endgroup]
2026-03-09T15:22:50.8687077Z [command]/usr/bin/git sparse-checkout disable
2026-03-09T15:22:50.8718426Z [command]/usr/bin/git config --local --unset-all extensions.worktreeConfig
2026-03-09T15:22:50.8743237Z ##[group]Checking out the ref
2026-03-09T15:22:50.8745082Z [command]/usr/bin/git checkout --progress --force -B master refs/remotes/origin/master
2026-03-09T15:22:50.8776797Z Warning: you are leaving 1 commit behind, not connected to
2026-03-09T15:22:50.8779125Z any of your branches:
2026-03-09T15:22:50.8779705Z 
2026-03-09T15:22:50.8780901Z   20402ac fix(packer): restore explicit build_resource_group_name as SP lacks sub-level RG creation permissions, and instead rely on fixed workflow cleanup step
2026-03-09T15:22:50.8782035Z 
2026-03-09T15:22:50.8782466Z If you want to keep it by creating a new branch, this may be a good time
2026-03-09T15:22:50.8783442Z to do so with:
2026-03-09T15:22:50.8784031Z 
2026-03-09T15:22:50.8784508Z  git branch <new-branch-name> 20402ac
2026-03-09T15:22:50.8784958Z 
2026-03-09T15:22:50.8820552Z Switched to a new branch 'master'
2026-03-09T15:22:50.8830078Z Branch 'master' set up to track remote branch 'master' from 'origin'.
2026-03-09T15:22:50.8834500Z ##[endgroup]
2026-03-09T15:22:50.8863097Z [command]/usr/bin/git log -1 --format=%H
2026-03-09T15:22:50.8878125Z a3e0b7e07397feab035aa1f0f748a235eda72ee9
2026-03-09T15:22:50.9132944Z ##[group]Run azure/login@v2
2026-03-09T15:22:50.9133905Z with:
2026-03-09T15:22:50.9134877Z   client-id: ***
2026-03-09T15:22:50.9135655Z   tenant-id: ***
2026-03-09T15:22:50.9136445Z   subscription-id: ***
2026-03-09T15:22:50.9137488Z   enable-AzPSSession: false
2026-03-09T15:22:50.9138478Z   environment: azurecloud
2026-03-09T15:22:50.9139227Z   allow-no-subscriptions: false
2026-03-09T15:22:50.9139973Z   audience: api://AzureADTokenExchange
2026-03-09T15:22:50.9140819Z   auth-type: SERVICE_PRINCIPAL
2026-03-09T15:22:50.9141524Z ##[endgroup]
2026-03-09T15:22:51.0154211Z Running Azure CLI Login.
2026-03-09T15:22:51.2250500Z [command]/usr/bin/az cloud set -n azurecloud
2026-03-09T15:22:51.5304311Z Done setting cloud: "azurecloud"
2026-03-09T15:22:51.6400425Z Federated token details:
2026-03-09T15:22:51.6401596Z  issuer - https://token.actions.githubusercontent.com
2026-03-09T15:22:51.6403599Z  subject claim - repo:Derek-Coleman-Associates-Corporation/azure-packer-image-factory:ref:refs/heads/master
2026-03-09T15:22:51.6405602Z  audience - api://AzureADTokenExchange
2026-03-09T15:22:51.6407590Z  job_workflow_ref - Derek-Coleman-Associates-Corporation/azure-packer-image-factory/.github/workflows/packer-matrix-build.yml@refs/heads/master
2026-03-09T15:22:51.6409657Z Attempting Azure CLI login by using OIDC...
2026-03-09T15:22:52.6914017Z Subscription is set successfully.
2026-03-09T15:22:52.6917756Z Azure CLI login succeeds by using OIDC.
2026-03-09T15:22:52.7134064Z ##[group]Run hashicorp/setup-packer@v3
2026-03-09T15:22:52.7135274Z with:
2026-03-09T15:22:52.7136029Z   version: latest
2026-03-09T15:22:52.7136931Z ##[endgroup]
2026-03-09T15:22:52.8290577Z Installing packer:latest and adding it to GitHub Actions Path
2026-03-09T15:22:52.8826735Z Downloading packer_1.15.0_linux_amd64.zip.
2026-03-09T15:22:53.1398341Z [command]/usr/bin/unzip -o -q /home/azureuser/actions-runner/_work/_temp/packer_1.15.0_linux_amd64.zip
2026-03-09T15:22:53.4832987Z packer:latest added to path
2026-03-09T15:22:53.7672748Z ##[group]Run set -e
2026-03-09T15:22:53.7673087Z [36;1mset -e[0m
2026-03-09T15:22:53.7673346Z [36;1mPROFILE_FILE="profiles/rhel-server-94/profile.yml"[0m
2026-03-09T15:22:53.7673651Z [36;1mif [[ ! -f "$PROFILE_FILE" ]]; then[0m
2026-03-09T15:22:53.7674554Z [36;1m  echo "Profile file missing at $PROFILE_FILE"[0m
2026-03-09T15:22:53.7674805Z [36;1m  exit 1[0m
2026-03-09T15:22:53.7674970Z [36;1mfi[0m
2026-03-09T15:22:53.7675122Z [36;1m[0m
2026-03-09T15:22:53.7675374Z [36;1mprofile_id="$(awk -F': ' '/^profile_id:/{print $2; exit}' "$PROFILE_FILE")"[0m
2026-03-09T15:22:53.7675755Z [36;1mos_family="$(awk -F': ' '/^os_family:/{print $2; exit}' "$PROFILE_FILE")"[0m
2026-03-09T15:22:53.7676136Z [36;1msource_urn="$(awk -F': ' '/^source_image_urn:/{print $2; exit}' "$PROFILE_FILE")"[0m
2026-03-09T15:22:53.7676533Z [36;1mimage_def="$(awk -F': ' '$1 ~ /image_definition/{print $2; exit}' "$PROFILE_FILE")"[0m
2026-03-09T15:22:53.7676930Z [36;1msig_sku="$(awk -F': ' '$1 ~ /sku/{print $2; exit}' "$PROFILE_FILE")"[0m
2026-03-09T15:22:53.7677273Z [36;1mvm_size="$(awk -F': ' '$1 ~ /vm_size/{print $2; exit}' "$PROFILE_FILE")"[0m
2026-03-09T15:22:53.7677553Z [36;1m[0m
2026-03-09T15:22:53.7677824Z [36;1mIFS=':' read -r source_pub source_offer source_sku source_ver <<< "$source_urn"[0m
2026-03-09T15:22:53.7678132Z [36;1m[0m
2026-03-09T15:22:53.7678334Z [36;1mecho "os_family=$os_family" >> "$GITHUB_OUTPUT"[0m
2026-03-09T15:22:53.7678642Z [36;1mecho "profile_id=$profile_id" >> "$GITHUB_OUTPUT"[0m
2026-03-09T15:22:53.7678966Z [36;1mecho "source_pub=$source_pub" >> "$GITHUB_OUTPUT"[0m
2026-03-09T15:22:53.7679314Z [36;1mecho "source_offer=$source_offer" >> "$GITHUB_OUTPUT"[0m
2026-03-09T15:22:53.7679621Z [36;1mecho "source_sku=$source_sku" >> "$GITHUB_OUTPUT"[0m
2026-03-09T15:22:53.7679900Z [36;1mecho "source_ver=$source_ver" >> "$GITHUB_OUTPUT"[0m
2026-03-09T15:22:53.7680193Z [36;1mecho "image_definition=$image_def" >> "$GITHUB_OUTPUT"[0m
2026-03-09T15:22:53.7680479Z [36;1mecho "vm_size=$vm_size" >> "$GITHUB_OUTPUT"[0m
2026-03-09T15:22:53.7680809Z [36;1mecho "temp_rg=rg-packer-temp-${profile_id}-22860671480" >> "$GITHUB_OUTPUT"[0m
2026-03-09T15:22:53.7701133Z shell: /usr/bin/bash --noprofile --norc -e -o pipefail {0}
2026-03-09T15:22:53.7701643Z ##[endgroup]
2026-03-09T15:22:53.7921299Z ##[group]Run set -e
2026-03-09T15:22:53.7921529Z [36;1mset -e[0m
2026-03-09T15:22:53.7921733Z [36;1mDEF_NAME="imgdef-rhel-server-94-gen2"[0m
2026-03-09T15:22:53.7922005Z [36;1mRG_NAME="RG-PACKER-IMAGE-FACTORY-EASTUS"[0m
2026-03-09T15:22:53.7922318Z [36;1mGALLERY_NAME="acgpackerfactoryeastus"[0m
2026-03-09T15:22:53.7922541Z [36;1mOS_TYPE="Windows"[0m
2026-03-09T15:22:53.7922772Z [36;1mif [ "linux" == "linux" ]; then OS_TYPE="Linux"; fi[0m
2026-03-09T15:22:53.7923009Z [36;1m[0m
2026-03-09T15:22:53.7923201Z [36;1mecho "Verifying image definition: $DEF_NAME"[0m
2026-03-09T15:22:53.7923521Z [36;1m# Try to get the image definition, create if it doesn't exist[0m
2026-03-09T15:22:53.7924093Z [36;1mif ! az sig image-definition show -g "$RG_NAME" -r "$GALLERY_NAME" -i "$DEF_NAME" &>/dev/null; then[0m
2026-03-09T15:22:53.7924572Z [36;1m  echo "Creating missing Image Definition $DEF_NAME in $GALLERY_NAME ($RG_NAME)..."[0m
2026-03-09T15:22:53.7924956Z [36;1m  az sig image-definition create \[0m
2026-03-09T15:22:53.7925188Z [36;1m    -g "$RG_NAME" \[0m
2026-03-09T15:22:53.7925390Z [36;1m    -r "$GALLERY_NAME" \[0m
2026-03-09T15:22:53.7925590Z [36;1m    -i "$DEF_NAME" \[0m
2026-03-09T15:22:53.7925804Z [36;1m    -p "dcassociatesgroup-com" \[0m
2026-03-09T15:22:53.7926021Z [36;1m    -f "RHEL" \[0m
2026-03-09T15:22:53.7926200Z [36;1m    -s "94_gen2" \[0m
2026-03-09T15:22:53.7926396Z [36;1m    --os-type "$OS_TYPE" \[0m
2026-03-09T15:22:53.7926607Z [36;1m    --os-state Generalized \[0m
2026-03-09T15:22:53.7926830Z [36;1m    --hyper-v-generation "V1" \[0m
2026-03-09T15:22:53.7927049Z [36;1m    --only-show-errors[0m
2026-03-09T15:22:53.7927243Z [36;1melse[0m
2026-03-09T15:22:53.7927455Z [36;1m  echo "Image definition $DEF_NAME already exists."[0m
2026-03-09T15:22:53.7927696Z [36;1mfi[0m
2026-03-09T15:22:53.7942173Z shell: /usr/bin/bash --noprofile --norc -e -o pipefail {0}
2026-03-09T15:22:53.7942453Z ##[endgroup]
2026-03-09T15:22:53.7973239Z Verifying image definition: imgdef-rhel-server-94-gen2
2026-03-09T15:22:54.4935521Z Image definition imgdef-rhel-server-94-gen2 already exists.
2026-03-09T15:22:54.4980428Z ##[group]Run set -e
2026-03-09T15:22:54.4980664Z [36;1mset -e[0m
2026-03-09T15:22:54.4980827Z [36;1m[0m
2026-03-09T15:22:54.4980985Z [36;1mOS_FAMILY="linux"[0m
2026-03-09T15:22:54.4981163Z [36;1m[0m
2026-03-09T15:22:54.4981327Z [36;1mif [ "$OS_FAMILY" == "windows" ]; then[0m
2026-03-09T15:22:54.4981608Z [36;1m  TEMPLATE_FILE="packer/windows/windows.pkr.hcl"[0m
2026-03-09T15:22:54.4981904Z [36;1m  EXTRA_VARS=( "-var" "vm_admin_password=" )[0m
2026-03-09T15:22:54.4982165Z [36;1melif [ "$OS_FAMILY" == "linux" ]; then[0m
2026-03-09T15:22:54.4982449Z [36;1m  TEMPLATE_FILE="packer/ubuntu/ubuntu.pkr.hcl"[0m
2026-03-09T15:22:54.4982692Z [36;1m  EXTRA_VARS=()[0m
2026-03-09T15:22:54.4982864Z [36;1melse[0m
2026-03-09T15:22:54.4983054Z [36;1m  echo "Unsupported OS family: $OS_FAMILY"[0m
2026-03-09T15:22:54.4983293Z [36;1m  exit 1[0m
2026-03-09T15:22:54.4983449Z [36;1mfi[0m
2026-03-09T15:22:54.4983584Z [36;1m[0m
2026-03-09T15:22:54.4984009Z [36;1mpacker init "$TEMPLATE_FILE"[0m
2026-03-09T15:22:54.4984217Z [36;1m[0m
2026-03-09T15:22:54.4984370Z [36;1mpacker build \[0m
2026-03-09T15:22:54.4984555Z [36;1m  -force \[0m
2026-03-09T15:22:54.4984754Z [36;1m  -var "profile_id=rhel-server-94" \[0m
2026-03-09T15:22:54.4984984Z [36;1m  -var "location=eastus" \[0m
2026-03-09T15:22:54.4985274Z [36;1m  -var "build_resource_group_name=RG-PACKER-IMAGE-FACTORY-EASTUS" \[0m
2026-03-09T15:22:54.4985584Z [36;1m  -var "vm_size=Standard_D2ads_v6" \[0m
2026-03-09T15:22:54.4985855Z [36;1m  -var "managed_image_name=rhel-server-94-22860671480" \[0m
2026-03-09T15:22:54.4986136Z [36;1m  -var "source_image_publisher=RedHat" \[0m
2026-03-09T15:22:54.4986377Z [36;1m  -var "source_image_offer=RHEL" \[0m
2026-03-09T15:22:54.4986593Z [36;1m  -var "source_image_sku=94_gen2" \[0m
2026-03-09T15:22:54.4986825Z [36;1m  -var "source_image_version=latest" \[0m
2026-03-09T15:22:54.4987308Z [36;1m  -var "gallery_resource_group=RG-PACKER-IMAGE-FACTORY-EASTUS" \[0m
2026-03-09T15:22:54.4987631Z [36;1m  -var "gallery_name=acgpackerfactoryeastus" \[0m
2026-03-09T15:22:54.4987920Z [36;1m  -var "image_definition=imgdef-rhel-server-94-gen2" \[0m
2026-03-09T15:22:54.4988182Z [36;1m  -var "image_version=1.0.18" \[0m
2026-03-09T15:22:54.4988426Z [36;1m  -var "replication_regions=[\"eastus\"]" \[0m
2026-03-09T15:22:54.4988657Z [36;1m  "${EXTRA_VARS[@]}" \[0m
2026-03-09T15:22:54.4988884Z [36;1m  "$TEMPLATE_FILE" 2>&1 | tee packerbuild.log[0m
2026-03-09T15:22:54.5003469Z shell: /usr/bin/bash --noprofile --norc -e -o pipefail {0}
2026-03-09T15:22:54.5003889Z env:
2026-03-09T15:22:54.5004392Z   ARM_CLIENT_ID: ***
2026-03-09T15:22:54.5004737Z   ARM_CLIENT_SECRET: ***
2026-03-09T15:22:54.5004987Z   ARM_TENANT_ID: ***
2026-03-09T15:22:54.5005208Z   ARM_SUBSCRIPTION_ID: ***
2026-03-09T15:22:54.5005390Z ##[endgroup]
2026-03-09T15:22:55.2926055Z [1;32mazure-arm.image: output will be in this color.[0m
2026-03-09T15:22:55.2926568Z 
2026-03-09T15:22:55.2931133Z [1;32m==> azure-arm.image: Running builder ...[0m
2026-03-09T15:22:55.2941422Z [1;32m==> azure-arm.image: Creating Azure Resource Manager (ARM) client ...[0m
2026-03-09T15:22:56.4510002Z [1;32m==> azure-arm.image: ARM Client successfully created[0m
2026-03-09T15:22:57.3477056Z [1;32m==> azure-arm.image: Getting source image id for the deployment ...[0m
2026-03-09T15:22:57.3483232Z [1;32m==> azure-arm.image:  -> SourceImageName: '/subscriptions/***/providers/Microsoft.Compute/locations/eastus/publishers/RedHat/ArtifactTypes/vmimage/offers/RHEL/skus/94_gen2/versions/latest'[0m
2026-03-09T15:22:57.3837622Z [1;32m==> azure-arm.image: Using existing resource group ...[0m
2026-03-09T15:22:57.3840554Z [1;32m==> azure-arm.image:  -> ResourceGroupName : 'RG-PACKER-IMAGE-FACTORY-EASTUS'[0m
2026-03-09T15:22:57.3844995Z [1;32m==> azure-arm.image:  -> Location          : 'eastus'[0m
2026-03-09T15:22:57.3846866Z [1;32m==> azure-arm.image: Validating deployment template ...[0m
2026-03-09T15:22:57.3848851Z [1;32m==> azure-arm.image:  -> ResourceGroupName : 'RG-PACKER-IMAGE-FACTORY-EASTUS'[0m
2026-03-09T15:22:57.3851341Z [1;32m==> azure-arm.image:  -> DeploymentName    : 'pkrdp150x6yt7p8'[0m
2026-03-09T15:22:58.4244164Z [1;32m==> azure-arm.image: Deploying deployment template ...[0m
2026-03-09T15:22:58.4246263Z [1;32m==> azure-arm.image:  -> ResourceGroupName : 'RG-PACKER-IMAGE-FACTORY-EASTUS'[0m
2026-03-09T15:22:58.4268812Z [1;32m==> azure-arm.image:  -> DeploymentName    : 'pkrdp150x6yt7p8'[0m
2026-03-09T15:23:49.9121189Z [1;32m==> azure-arm.image: Getting the VM's IP address ...[0m
2026-03-09T15:23:49.9146092Z [1;32m==> azure-arm.image:  -> ResourceGroupName   : 'RG-PACKER-IMAGE-FACTORY-EASTUS'[0m
2026-03-09T15:23:49.9147052Z [1;32m==> azure-arm.image:  -> PublicIPAddressName : 'pkrip150x6yt7p8'[0m
2026-03-09T15:23:49.9149729Z [1;32m==> azure-arm.image:  -> NicName             : 'pkrni150x6yt7p8'[0m
2026-03-09T15:23:49.9150784Z [1;32m==> azure-arm.image:  -> Network Connection  : 'PublicEndpoint'[0m
2026-03-09T15:23:50.0739953Z [1;32m==> azure-arm.image:  -> IP Address          : '20.25.96.101'[0m
2026-03-09T15:23:50.0745781Z [1;32m==> azure-arm.image: Querying the machine's properties ...[0m
2026-03-09T15:23:50.0748152Z [1;32m==> azure-arm.image:  -> ResourceGroupName : 'RG-PACKER-IMAGE-FACTORY-EASTUS'[0m
2026-03-09T15:23:50.0748958Z [1;32m==> azure-arm.image:  -> ComputeName       : 'pkrvm150x6yt7p8'[0m
2026-03-09T15:23:50.1625832Z [1;32m==> azure-arm.image:  -> Managed OS Disk   : '/subscriptions/***/resourceGroups/RG-PACKER-IMAGE-FACTORY-EASTUS/providers/Microsoft.Compute/disks/pkros150x6yt7p8'[0m
2026-03-09T15:23:50.1627067Z [1;32m==> azure-arm.image: Querying the machine's additional disks properties ...[0m
2026-03-09T15:23:50.1635318Z [1;32m==> azure-arm.image:  -> ResourceGroupName : 'RG-PACKER-IMAGE-FACTORY-EASTUS'[0m
2026-03-09T15:23:50.1636356Z [1;32m==> azure-arm.image:  -> ComputeName       : 'pkrvm150x6yt7p8'[0m
2026-03-09T15:23:50.2096039Z [1;32m==> azure-arm.image: Waiting for SSH to become available...[0m
2026-03-09T15:23:50.8002867Z [1;32m==> azure-arm.image: Connected to SSH![0m
2026-03-09T15:23:50.8029899Z [1;32m==> azure-arm.image: Provisioning with shell script: /tmp/packer-shell1075411008[0m
2026-03-09T15:23:51.3648064Z [1;32m==> azure-arm.image: Running baseline and setup...[0m
2026-03-09T15:23:51.4212958Z [1;32m==> azure-arm.image: Provisioning with shell script: packer/ubuntu/../../scripts/security-update-check-linux.sh[0m
2026-03-09T15:23:51.5351145Z [1;32m==> azure-arm.image: Running Security Update Check for Linux (Unattended Mode)...[0m
2026-03-09T15:23:51.6482782Z [1;31m==> azure-arm.image: sudo: apt-get: command not found[0m
2026-03-09T15:23:51.6489475Z [1;32m==> azure-arm.image: Provisioning step had errors: Running the cleanup provisioner, if present...[0m
2026-03-09T15:23:51.6495638Z [1;32m==> azure-arm.image: 
2026-03-09T15:23:51.6499513Z ==> azure-arm.image: Deleting Virtual Machine deployment and its attached resources...[0m
2026-03-09T15:24:12.7961877Z [1;32m==> azure-arm.image: Deleted -> Microsoft.Compute/virtualMachines : 'pkrvm150x6yt7p8'[0m
2026-03-09T15:24:23.1125195Z [1;32m==> azure-arm.image: Deleted -> Microsoft.Network/networkInterfaces : 'pkrni150x6yt7p8'[0m
2026-03-09T15:24:33.5195345Z [1;32m==> azure-arm.image: Deleted -> Microsoft.Network/publicIPAddresses : 'pkrip150x6yt7p8'[0m
2026-03-09T15:24:33.7611162Z [1;32m==> azure-arm.image: Deleted -> Microsoft.Network/virtualNetworks : 'pkrvn150x6yt7p8'[0m
2026-03-09T15:24:36.6791868Z [1;32m==> azure-arm.image: Deleted -> Microsoft.Network/networkSecurityGroups : 'pkrsg150x6yt7p8'[0m
2026-03-09T15:24:47.2097806Z [1;32m==> azure-arm.image: Deleted -> Microsoft.Compute/disks : '/subscriptions/***/resourceGroups/RG-PACKER-IMAGE-FACTORY-EASTUS/providers/Microsoft.Compute/disks/pkros150x6yt7p8'[0m
2026-03-09T15:24:47.2099948Z [1;32m==> azure-arm.image: Removing the created Deployment object: 'pkrdp150x6yt7p8'[0m
2026-03-09T15:24:57.5802304Z [1;32m==> azure-arm.image: 
2026-03-09T15:24:57.5806558Z ==> azure-arm.image: The resource group was not created by Packer, not deleting ...[0m
2026-03-09T15:24:57.5812412Z [1;31mBuild 'azure-arm.image' errored after 2 minutes 2 seconds: Script exited with non-zero exit status: 1. Allowed exit codes are: [0][0m
2026-03-09T15:24:57.5813566Z 
2026-03-09T15:24:57.5815731Z ==> Wait completed after 2 minutes 2 seconds
2026-03-09T15:24:57.5816561Z 
2026-03-09T15:24:57.5816751Z ==> Some builds didn't complete successfully and had errors:
2026-03-09T15:24:57.5817324Z --> azure-arm.image: Script exited with non-zero exit status: 1. Allowed exit codes are: [0]
2026-03-09T15:24:57.5817734Z 
2026-03-09T15:24:57.5817882Z ==> Builds finished but no artifacts were created.
2026-03-09T15:24:57.7582275Z ##[error]Process completed with exit code 1.
2026-03-09T15:24:57.7621268Z ##[group]Run echo "Packer Build Failed for profiles/rhel-server-94. Extracting error tail..."
2026-03-09T15:24:57.7621775Z [36;1mecho "Packer Build Failed for profiles/rhel-server-94. Extracting error tail..."[0m
2026-03-09T15:24:57.7622121Z [36;1mmkdir -p evidence/failures[0m
2026-03-09T15:24:57.7622429Z [36;1mtail -n 50 packerbuild.log > "evidence/failures/failed-rhel-server-94.txt"[0m
2026-03-09T15:24:57.7637479Z shell: /usr/bin/bash --noprofile --norc -e -o pipefail {0}
2026-03-09T15:24:57.7637735Z ##[endgroup]
2026-03-09T15:24:57.7669232Z Packer Build Failed for profiles/rhel-server-94. Extracting error tail...
2026-03-09T15:24:57.7710552Z ##[group]Run echo "Scanning for and deleting orphaned Packer Resource Groups..."
2026-03-09T15:24:57.7710960Z [36;1mecho "Scanning for and deleting orphaned Packer Resource Groups..."[0m
2026-03-09T15:24:57.7711363Z [36;1m# Match precisely the expected Packer temporary naming scheme per workflow ID[0m
2026-03-09T15:24:57.7711838Z [36;1mSTRANDED_RGS=$(az group list --query "[?starts_with(name, 'pkr-Resource-Group-')].name" -o tsv)[0m
2026-03-09T15:24:57.7712370Z [36;1mfor rg in $STRANDED_RGS; do[0m
2026-03-09T15:24:57.7712637Z [36;1m  echo "Attempting cleanup on stranded Resource Group: $rg"[0m
2026-03-09T15:24:57.7712994Z [36;1m  az group delete --name "$rg" --yes --no-wait || echo "Failed to delete $rg"[0m
2026-03-09T15:24:57.7713277Z [36;1mdone[0m
2026-03-09T15:24:57.7725995Z shell: /usr/bin/bash --noprofile --norc -e -o pipefail {0}
2026-03-09T15:24:57.7726245Z ##[endgroup]
2026-03-09T15:24:57.7754427Z Scanning for and deleting orphaned Packer Resource Groups...
2026-03-09T15:24:58.7897587Z ##[group]Run actions/upload-artifact@v4
2026-03-09T15:24:58.7897936Z with:
2026-03-09T15:24:58.7898217Z   name: global-build-errors-rhel-server-94
2026-03-09T15:24:58.7898594Z   path: evidence/failures/
2026-03-09T15:24:58.7898889Z   retention-days: 7
2026-03-09T15:24:58.7899350Z   if-no-files-found: warn
2026-03-09T15:24:58.7899643Z   compression-level: 6
2026-03-09T15:24:58.7899919Z   overwrite: false
2026-03-09T15:24:58.7900209Z   include-hidden-files: false
2026-03-09T15:24:58.7900508Z ##[endgroup]
2026-03-09T15:24:58.9935668Z With the provided path, there will be 1 file uploaded
2026-03-09T15:24:58.9937922Z Artifact name is valid!
2026-03-09T15:24:58.9938998Z Root directory input is valid!
2026-03-09T15:24:59.0751325Z Beginning upload of artifact content to blob storage
2026-03-09T15:24:59.1312433Z Uploaded bytes 1217
2026-03-09T15:24:59.1501928Z Finished uploading artifact content to blob storage!
2026-03-09T15:24:59.1505522Z SHA256 digest of uploaded artifact zip is ef37ff8d6f7ac5bef4ca27942a22a9946e282ee3e1e33600d6558628b97c0103
2026-03-09T15:24:59.1506451Z Finalizing artifact upload
2026-03-09T15:24:59.2873121Z Artifact global-build-errors-rhel-server-94.zip successfully finalized. Artifact ID 5832118476
2026-03-09T15:24:59.2874803Z Artifact global-build-errors-rhel-server-94 has been successfully uploaded! Final size is 1217 bytes. Artifact ID is 5832118476
2026-03-09T15:24:59.2880263Z Artifact download URL: https://github.com/Derek-Coleman-Associates-Corporation/azure-packer-image-factory/actions/runs/22860671480/artifacts/5832118476
2026-03-09T15:24:59.2993550Z Post job cleanup.
2026-03-09T15:24:59.3316364Z Clearing azure cli accounts from the local cache.
2026-03-09T15:24:59.3323572Z [command]/usr/bin/az account clear
2026-03-09T15:24:59.7307893Z Post job cleanup.
2026-03-09T15:24:59.8312018Z [command]/usr/bin/git version
2026-03-09T15:24:59.8343638Z git version 2.34.1
2026-03-09T15:24:59.8388503Z Temporarily overriding HOME='/home/azureuser/actions-runner/_work/_temp/379a6144-8d3e-468b-9bfa-bcf123f30165' before making global git config changes
2026-03-09T15:24:59.8391360Z Adding repository directory to the temporary git global config as a safe directory
2026-03-09T15:24:59.8394662Z [command]/usr/bin/git config --global --add safe.directory /home/azureuser/actions-runner/_work/azure-packer-image-factory/azure-packer-image-factory
2026-03-09T15:24:59.8424310Z [command]/usr/bin/git config --local --name-only --get-regexp core\.sshCommand
2026-03-09T15:24:59.8460778Z [command]/usr/bin/git submodule foreach --recursive sh -c "git config --local --name-only --get-regexp 'core\.sshCommand' && git config --local --unset-all 'core.sshCommand' || :"
2026-03-09T15:24:59.8654313Z [command]/usr/bin/git config --local --name-only --get-regexp http\.https\:\/\/github\.com\/\.extraheader
2026-03-09T15:24:59.8674472Z http.https://github.com/.extraheader
2026-03-09T15:24:59.8684320Z [command]/usr/bin/git config --local --unset-all http.https://github.com/.extraheader
2026-03-09T15:24:59.8710192Z [command]/usr/bin/git submodule foreach --recursive sh -c "git config --local --name-only --get-regexp 'http\.https\:\/\/github\.com\/\.extraheader' && git config --local --unset-all 'http.https://github.com/.extraheader' || :"
2026-03-09T15:24:59.8898689Z [command]/usr/bin/git config --local --name-only --get-regexp ^includeIf\.gitdir:
2026-03-09T15:24:59.8937297Z [command]/usr/bin/git submodule foreach --recursive git config --local --show-origin --name-only --get-regexp remote.origin.url
2026-03-09T15:24:59.9221284Z Cleaning up orphan processes
